
	            G L O B A L   R E F E R E N C E S

	             Name               Value        Type
	==============================|=======|===============
	WRITE                            FFFE         CONSTANT
	INITIAL_SP                       FDFF         CONSTANT
	CURSOR                           FFFC         CONSTANT
	CURSOR_INIT                      FFFF         CONSTANT
	FIM_TEXTO                        0040         CONSTANT
	CARAC_VAZIO                      0020         CONSTANT
	LINHA_NAV                        0015         CONSTANT
	CARAC_NAV                        005F         CONSTANT
	TAMANHO_NAV                      000D         CONSTANT
	CARAC_BOLA                       006F         CONSTANT
	LINHA_TOPO                       0003         CONSTANT
	LARGURA_TELA                     0050         CONSTANT
	TIMER_UNITS                      FFF6         CONSTANT
	ACTIVATE_TIMER                   FFF7         CONSTANT
	ON                               0001         CONSTANT
	index                            8000         VARIABLE
	linha                            8001         VARIABLE
	navpos                           8002         VARIABLE
	colunaBola                       8003         VARIABLE
	linhaBola                        8004         VARIABLE
	Score                            8005         VARIABLE
	dirXBola                         8006         VARIABLE
	dirYBola                         8007         VARIABLE
	nome                             8008           STRING
	linha0                           8015           STRING
	linha1                           8066           STRING
	linha2                           80B7           STRING
	linha3                           8108           STRING
	linha4                           8159           STRING
	linha5                           81AA           STRING
	linha6                           81FB           STRING
	linha7                           824C           STRING
	linha8                           829D           STRING
	linha9                           82EE           STRING
	linha10                          833F           STRING
	linha11                          8390           STRING
	linha12                          83E1           STRING
	linha13                          8432           STRING
	linha14                          8483           STRING
	linha15                          84D4           STRING
	linha16                          8525           STRING
	linha17                          8576           STRING
	linha18                          85C7           STRING
	linha19                          8618           STRING
	linha20                          8669           STRING
	linha21                          86BA           STRING
	linha22                          870B           STRING
	linha23                          875C           STRING
	INT0                             FE00         VARIABLE
	INT1                             FE01         VARIABLE
	INT2                             FE02         VARIABLE
	INT15                            FE0F         VARIABLE
	Timer                            0002            LABEL
	movBola                          000B            LABEL
	InverteX                         0026            LABEL
	ContinuaYCheck                   0029            LABEL
	NaoBateuRaquete                  003F            LABEL
	InverteY                         0045            LABEL
	AtualizaPosicao                  0048            LABEL
	MovRight                         0058            LABEL
	endMovR                          006F            LABEL
	MovLeft                          0073            LABEL
	endMovL                          008B            LABEL
	printchar                        008F            LABEL
	Printf                           009C            LABEL
	Ciclo                            009F            LABEL
	EndPrintf                        00AA            LABEL
	printMapa                        00AE            LABEL
	PrintLoop                        00B7            LABEL
	EndPrintLoop                     00C5            LABEL
	ConfigureTimer                   00CB            LABEL
	Main                             00D6            LABEL
	Cycle                            00E2            LABEL
	Halt                             00E3            LABEL
