
	            G L O B A L   R E F E R E N C E S

	             Name               Value        Type
	==============================|=======|===============
	WRITE                            FFFE         CONSTANT
	INITIAL_SP                       FDFF         CONSTANT
	CURSOR                           FFFC         CONSTANT
	CURSOR_INIT                      FFFF         CONSTANT
	FIM_TEXTO                        0040         CONSTANT
	CARAC_VAZIO                      0020         CONSTANT
	LINHA_NAV                        0015         CONSTANT
	CARAC_NAV                        002D         CONSTANT
	TAMANHO_NAV                      000D         CONSTANT
	CARAC_BOLA                       006F         CONSTANT
	LINHA_TOPO                       0003         CONSTANT
	LARGURA_TELA                     0050         CONSTANT
	TIMER_UNITS                      FFF6         CONSTANT
	ACTIVATE_TIMER                   FFF7         CONSTANT
	ON                               0001         CONSTANT
	OFF                              0000         CONSTANT
	index                            8000         VARIABLE
	linha                            8001         VARIABLE
	navpos                           8002         VARIABLE
	colunaBola                       8003         VARIABLE
	linhaBola                        8004         VARIABLE
	Score                            8005         VARIABLE
	dirXBola                         8006         VARIABLE
	dirYBola                         8007         VARIABLE
	nome                             8008           STRING
	linha0                           8013           STRING
	linha1                           8064           STRING
	linha2                           80B5           STRING
	linha3                           8106           STRING
	linha4                           8157           STRING
	linha5                           81A8           STRING
	linha6                           81F9           STRING
	linha7                           824A           STRING
	linha8                           829B           STRING
	linha9                           82EC           STRING
	linha10                          833D           STRING
	linha11                          838E           STRING
	linha12                          83DF           STRING
	linha13                          8430           STRING
	linha14                          8481           STRING
	linha15                          84D2           STRING
	linha16                          8523           STRING
	linha17                          8574           STRING
	linha18                          85C5           STRING
	linha19                          8616           STRING
	linha20                          8667           STRING
	linha21                          86B8           STRING
	linha22                          8709           STRING
	linha23                          875A           STRING
	TxtScoreFinal                    87AB           STRING
	GO_L1                            87BD           STRING
	GO_L2                            87E6           STRING
	GO_L3                            880F           STRING
	GO_L4                            8838           STRING
	GO_L5                            8861           STRING
	WIN_L1                           888A           STRING
	WIN_L2                           88B3           STRING
	WIN_L3                           88B7           STRING
	WIN_L4                           88D6           STRING
	WIN_L5                           88F6           STRING
	WIN_L6                           88FA           STRING
	game_state                       8923         VARIABLE
	Vidas                            8924         VARIABLE
	MsgGameOver                      8925           STRING
	ComboCount                       892F         VARIABLE
	CharBlocoB                       0042         CONSTANT
	CharBlocoX                       0058         CONSTANT
	BlocksLeft                       8930         VARIABLE
	MsgYouWin                        8931           STRING
	INT0                             FE00         VARIABLE
	INT1                             FE01         VARIABLE
	INT2                             FE02         VARIABLE
	INT3                             FE03         VARIABLE
	INT15                            FE0F         VARIABLE
	Timer                            0002            LABEL
	DeactivateTimer                  0015            LABEL
	EndTimer                         0019            LABEL
	ResetPosBola                     001B            LABEL
	ResetBola                        0032            LABEL
	StartTimer                       0035            LABEL
	AtualizaVidas                    0042            LABEL
	CountBlocks                      0053            LABEL
	LoopCount                        005C            LABEL
	EhBloco                          006B            LABEL
	ProxChar                         006C            LABEL
	FimCount                         0070            LABEL
	ClearScreen                      0076            LABEL
	ShowGameOver                     007D            LABEL
	ShowYouWin                       00A7            LABEL
	PrintLineCenter                  00D8            LABEL
	CicloLine                        00DD            LABEL
	FimLine                          00E8            LABEL
	AtualizaScore                    00EC            LABEL
	PrintNumAt                       00F7            LABEL
	PushDigits                       0100            LABEL
	PopPrint                         010B            LABEL
	EndPrintNum                      0119            LABEL
	CalcEndereco                     011F            LABEL
	TrataColisaoBloco                0128            LABEL
	VenceuJogo                       014C            LABEL
	FimTrataCol                      014E            LABEL
	movBola                          0152            LABEL
	BateuBlocoX                      0175            LABEL
	SlideY_NoX                       0192            LABEL
	VerificaParedeX                  019A            LABEL
	InverteX_Wall                    01A6            LABEL
	FimCheckX                        01A9            LABEL
	BateuBlocoY                      01BB            LABEL
	VerificaTeto                     01C2            LABEL
	CheckChao                        01DA            LABEL
	MorreuDeVez                      01F7            LABEL
	InverteY_Wall                    01FF            LABEL
	ConfirmaMovY                     0204            LABEL
	FimCheckY                        0206            LABEL
	SaiMovBola                       020E            LABEL
	MovRight                         0216            LABEL
	endMovR                          0235            LABEL
	MovLeft                          0239            LABEL
	endMovL                          0259            LABEL
	printchar                        025D            LABEL
	Printf                           026A            LABEL
	Ciclo                            026D            LABEL
	EndPrintf                        0278            LABEL
	printMapa                        027C            LABEL
	PrintLoop                        0285            LABEL
	EndPrintLoop                     0293            LABEL
	ConfigureTimer                   0299            LABEL
	Main                             02A4            LABEL
	Cycle                            02B4            LABEL
	Halt                             02B5            LABEL
